<?xml version="1.0" encoding="UTF-8"?>
<testsuite xmlns:xsi="http://www.w3.org/2001/XMLSchema-instance" xsi:noNamespaceSchemaLocation="https://maven.apache.org/surefire/maven-surefire-plugin/xsd/surefire-test-report.xsd" version="3.0.2" name="TestSuite" time="4.929" tests="1" errors="0" skipped="0" failures="0">
  <properties>
[...]
</properties>
  <testcase name="getUserTest" classname="Basic.GetUserTest" time="4.2">
    <system-out><![CDATA[HTTP/1.1 200 OK
Date: Sat, 16 May 2026 10:26:44 GMT
Content-Type: application/json; charset=utf-8
Transfer-Encoding: chunked
Connection: keep-alive
Access-Control-Allow-Origin: *
Cache-Control: public, max-age=14400, s-maxage=60
cdn-cache-control: max-age=60
Cross-Origin-Opener-Policy: same-origin
Cross-Origin-Resource-Policy: same-origin
etag: W/"309-xht0adi+2R3nyR08DqinqzlyEM0"
Nel: {"report_to":"heroku-nel","response_headers":["Via"],"max_age":3600,"success_fraction":0.01,"failure_fraction":0.1}
Origin-Agent-Cluster: ?1
Ratelimit-Limit: 20
Ratelimit-Policy: 20;w=60
Ratelimit-Remaining: 19
Ratelimit-Reset: 60
Referrer-Policy: strict-origin-when-cross-origin
Report-To: {"group":"heroku-nel","endpoints":[{"url":"https://nel.heroku.com/reports?s=hHHBXwvQSaTMkQi35aWPXBWwJFXR2WEVDBS0d0ypteo%3D\u0026sid=c4c9725f-1ab0-44d8-820f-430df2718e11\u0026ts=1778912241"}],"max_age":3600}
Reporting-Endpoints: heroku-nel="https://nel.heroku.com/reports?s=hHHBXwvQSaTMkQi35aWPXBWwJFXR2WEVDBS0d0ypteo%3D&sid=c4c9725f-1ab0-44d8-820f-430df2718e11&ts=1778912241"
Server: cloudflare
Strict-Transport-Security: max-age=31536000; includeSubDomains
Via: 1.1 heroku-router
X-Content-Type-Options: nosniff
X-Dns-Prefetch-Control: off
X-Download-Options: noopen
X-Frame-Options: DENY
X-Permitted-Cross-Domain-Policies: none
X-Powered-By: ReqRes.in - Deploy backends in 30 seconds
X-Ratelimit-Limit: 250
X-Ratelimit-Remaining: 243
X-Ratelimit-Reset: 1778976000
X-Reqres-Docs: https://reqres.in
X-Reqres-Message: This API is powered by ReqRes. Deploy your own backend in 30 seconds!
X-Reqres-Templates: https://app.reqres.in/templates
X-Reqres-Tip: Generate a complete backend from a description - app.reqres.in/dashboard
X-Reqres-Trial: true
X-Reqres-Trial-Days-Remaining: 13
X-Reqres-Trial-Expires: 2026-05-28T12:21:13.394Z
X-Reqres-Upgrade: https://app.reqres.in/upgrade
X-Request-Id: bea2286b-bb28-1bd2-bce8-e167cdfacc99
X-Robots-Tag: noindex, nofollow
X-Xss-Protection: 0
cf-cache-status: REVALIDATED
Content-Encoding: gzip
CF-RAY: 9fc9af8eceeb3d28-BLR

{
    "data": {
        "id": 2,
        "email": "janet.weaver@reqres.in",
        "first_name": "Janet",
        "last_name": "Weaver",
        "avatar": "https://reqres.in/img/faces/2-image.jpg"
    },
    "support": {
        "url": "https://benhowdle.im/first-cto-playbook?utm_source=reqres&utm_medium=json&utm_campaign=referral",
        "text": "Become a better CTO. A playbook of painful stories and practical advice from a two-time startup CTO."
    },
    "_meta": {
        "powered_by": "ReqRes",
        "docs_url": "https://app.reqres.in/documentation",
        "upgrade_url": "https://app.reqres.in/upgrade",
        "example_url": "https://app.reqres.in/examples/notes-app",
        "variant": "v1_a",
        "message": "Your data persists here. Add auth, logs, and custom schemas to build a real backend.",
        "cta": {
            "label": "See example app",
            "url": "https://app.reqres.in/examples/notes-app"
        },
        "context": "legacy_success"
    }
}
]]></system-out>
    <system-err><![CDATA[SLF4J: Failed to load class "org.slf4j.impl.StaticLoggerBinder".
SLF4J: Defaulting to no-operation (NOP) logger implementation
SLF4J: See http://www.slf4j.org/codes.html#StaticLoggerBinder for further details.
]]></system-err>
  </testcase>
</testsuite>