<?xml version="1.0" encoding="UTF-8"?>
<testng-results ignored="0" total="1" passed="1" failed="0" skipped="0">
  <reporter-output>
  </reporter-output>
  <suite started-at="2026-05-16T15:56:43 IST" name="Surefire suite" finished-at="2026-05-16T15:56:48 IST" duration-ms="4258">
    <groups>
    </groups>
    <test started-at="2026-05-16T15:56:43 IST" name="Surefire test" finished-at="2026-05-16T15:56:48 IST" duration-ms="4258">
      <class name="Basic.GetUserTest">
        <test-method signature="getUserTest()[pri:0, instance:Basic.GetUserTest@184cf7cf]" started-at="2026-05-16T15:56:43 IST" name="getUserTest" finished-at="2026-05-16T15:56:48 IST" duration-ms="4205" status="PASS">
          <reporter-output>
          </reporter-output>
        </test-method> <!-- getUserTest -->
      </class> <!-- Basic.GetUserTest -->
    </test> <!-- Surefire test -->
  </suite> <!-- Surefire suite -->
</testng-results>
