<?xml version="1.0" encoding="UTF-8"?>
<testng-results ignored="0" total="1" passed="1" failed="0" skipped="0">
  <reporter-output>
  </reporter-output>
  <suite started-at="2026-04-17T06:15:39 IST" name="Default suite" finished-at="2026-04-17T06:15:43 IST" duration-ms="3841">
    <groups>
    </groups>
    <test started-at="2026-04-17T06:15:39 IST" name="Default test" finished-at="2026-04-17T06:15:43 IST" duration-ms="3841">
      <class name="Basic.createUser">
        <test-method signature="createUser()[pri:0, instance:Basic.createUser@3f6f6701]" started-at="2026-04-17T06:15:40 IST" name="createUser" finished-at="2026-04-17T06:15:43 IST" duration-ms="3773" status="PASS">
          <reporter-output>
          </reporter-output>
        </test-method> <!-- createUser -->
      </class> <!-- Basic.createUser -->
    </test> <!-- Default test -->
  </suite> <!-- Default suite -->
</testng-results>
